# JRE version: Java(TM) SE Runtime Environment (13.0.1+9) (build 13.0.1+9)
# Java VM: Java HotSpot(TM) 64-Bit Server VM (13.0.1+9, mixed mode, sharing, tiered, compressed oops, g1 gc, windows-amd64)
Heap:
 garbage-first heap   total 115712K, used 13090K [0x00000000a3400000, 0x0000000100000000)
  region size 1024K, 4 young (4096K), 4 survivors (4096K)
 Metaspace       used 20399K, capacity 21192K, committed 21248K, reserved 1067008K
  class space    used 2774K, capacity 3069K, committed 3072K, reserved 1048576K
GC Heap History (13 events):
Event: 2.731 GC heap before
{Heap before GC invocations=0 (full 0):
 garbage-first heap   total 96256K, used 14336K [0x00000000a3400000, 0x0000000100000000)
  region size 1024K, 14 young (14336K), 0 survivors (0K)
 Metaspace       used 5259K, capacity 5707K, committed 5888K, reserved 1056768K
  class space    used 650K, capacity 744K, committed 768K, reserved 1048576K
}
Event: 2.744 GC heap after
{Heap after GC invocations=1 (full 0):
 garbage-first heap   total 96256K, used 7077K [0x00000000a3400000, 0x0000000100000000)
  region size 1024K, 2 young (2048K), 2 survivors (2048K)
 Metaspace       used 5259K, capacity 5707K, committed 5888K, reserved 1056768K
  class space    used 650K, capacity 744K, committed 768K, reserved 1048576K
}
Event: 2.806 GC heap before
{Heap before GC invocations=1 (full 0):
 garbage-first heap   total 96256K, used 9125K [0x00000000a3400000, 0x0000000100000000)
  region size 1024K, 4 young (4096K), 2 survivors (2048K)
 Metaspace       used 5623K, capacity 6018K, committed 6272K, reserved 1056768K
  class space    used 690K, capacity 786K, committed 896K, reserved 1048576K
}
Event: 2.812 GC heap after
{Heap after GC invocations=2 (full 0):
 garbage-first heap   total 96256K, used 7219K [0x00000000a3400000, 0x0000000100000000)
  region size 1024K, 1 young (1024K), 1 survivors (1024K)
 Metaspace       used 5623K, capacity 6018K, committed 6272K, reserved 1056768K
  class space    used 690K, capacity 786K, committed 896K, reserved 1048576K
}
Event: 3.279 GC heap before
{Heap before GC invocations=2 (full 0):
 garbage-first heap   total 96256K, used 26675K [0x00000000a3400000, 0x0000000100000000)
  region size 1024K, 20 young (20480K), 1 survivors (1024K)
 Metaspace       used 8860K, capacity 9250K, committed 9600K, reserved 1056768K
  class space    used 1145K, capacity 1290K, committed 1408K, reserved 1048576K
}
Event: 3.286 GC heap after
{Heap after GC invocations=3 (full 0):
 garbage-first heap   total 96256K, used 8138K [0x00000000a3400000, 0x0000000100000000)
  region size 1024K, 2 young (2048K), 2 survivors (2048K)
 Metaspace       used 8860K, capacity 9250K, committed 9600K, reserved 1056768K
  class space    used 1145K, capacity 1290K, committed 1408K, reserved 1048576K
}
Event: 3.794 GC heap before
{Heap before GC invocations=3 (full 0):
 garbage-first heap   total 96256K, used 54218K [0x00000000a3400000, 0x0000000100000000)
  region size 1024K, 47 young (48128K), 2 survivors (2048K)
 Metaspace       used 15403K, capacity 15953K, committed 16128K, reserved 1062912K
  class space    used 2055K, capacity 2243K, committed 2304K, reserved 1048576K
}
Event: 3.802 GC heap after
{Heap after GC invocations=4 (full 0):
 garbage-first heap   total 96256K, used 9777K [0x00000000a3400000, 0x0000000100000000)
  region size 1024K, 3 young (3072K), 3 survivors (3072K)
 Metaspace       used 15403K, capacity 15953K, committed 16128K, reserved 1062912K
  class space    used 2055K, capacity 2243K, committed 2304K, reserved 1048576K
}
Event: 4.132 GC heap before
{Heap before GC invocations=4 (full 0):
 garbage-first heap   total 96256K, used 63025K [0x00000000a3400000, 0x0000000100000000)
  region size 1024K, 56 young (57344K), 3 survivors (3072K)
 Metaspace       used 17224K, capacity 17854K, committed 17920K, reserved 1064960K
  class space    used 2306K, capacity 2537K, committed 2560K, reserved 1048576K
}
Event: 4.140 GC heap after
{Heap after GC invocations=5 (full 0):
 garbage-first heap   total 96256K, used 10687K [0x00000000a3400000, 0x0000000100000000)
  region size 1024K, 4 young (4096K), 4 survivors (4096K)
 Metaspace       used 17224K, capacity 17854K, committed 17920K, reserved 1064960K
  class space    used 2306K, capacity 2537K, committed 2560K, reserved 1048576K
}
Event: 5.242 GC heap before
{Heap before GC invocations=5 (full 0):
 garbage-first heap   total 96256K, used 63935K [0x00000000a3400000, 0x0000000100000000)
  region size 1024K, 56 young (57344K), 4 survivors (4096K)
 Metaspace       used 20365K, capacity 21128K, committed 21248K, reserved 1067008K
  class space    used 2770K, capacity 3069K, committed 3072K, reserved 1048576K
}
Event: 5.258 GC heap after
{Heap after GC invocations=6 (full 0):
 garbage-first heap   total 96256K, used 13163K [0x00000000a3400000, 0x0000000100000000)
  region size 1024K, 6 young (6144K), 6 survivors (6144K)
 Metaspace       used 20365K, capacity 21128K, committed 21248K, reserved 1067008K
  class space    used 2770K, capacity 3069K, committed 3072K, reserved 1048576K
}
Event: 5.280 GC heap before
{Heap before GC invocations=6 (full 0):
 garbage-first heap   total 96256K, used 13163K [0x00000000a3400000, 0x0000000100000000)
  region size 1024K, 7 young (7168K), 6 survivors (6144K)
 Metaspace       used 20399K, capacity 21192K, committed 21248K, reserved 1067008K
  class space    used 2774K, capacity 3069K, committed 3072K, reserved 1048576K
}

